Log file open, 03/30/15 16:44:23
LogInit: Version: 4.7.3-0+++depot+UE4-Releases+4.7
LogInit: API Version: 0
LogInit: Compiled (64-bit): Mar 30 2015 16:30:08
LogInit: Compiled with Visual C++: 18.00.30501.00
LogInit: Build Configuration: Development
LogInit: Branch Name: ++depot+UE4-Releases+4.7
LogInit: Command line: 
LogInit: Base directory: C:/Users/Baptiste/Desktop/WindowsNoEditor/Invaders_EIP/Binaries/Win64/
LogInit: Rocket: 0
[2015.03.30-14.44.23:723][  0]LogTaskGraph: Started task graph with 3 named threads and 6 total threads.
[2015.03.30-14.44.23:764][  0]LogOnline:Warning: No default platform service specified for OnlineSubsystem
[2015.03.30-14.44.23:765][  0]LogInit: Presizing for 0 objects not considered by GC, pre-allocating 0 bytes.
[2015.03.30-14.44.23:781][  0]LogInit: Object subsystem initialized
[2015.03.30-14.44.23:784][  0]LogConsoleResponse:Warning: Skipping Unknown console variable: 'UIScaleRule = ShortestSide'
[2015.03.30-14.44.23:785][  0]LogConsoleResponse:Warning:   Found in ini file '../../../Invaders_EIP/Saved/Config/WindowsServer/Engine.ini', in section '[/Script/Engine.RendererSettings]'
[2015.03.30-14.44.23:785][  0]LogConsoleResponse:Warning: Skipping Unknown console variable: 'UIScaleCurve = (EditorCurveData=(Keys=),ExternalCurve=None)'
[2015.03.30-14.44.23:785][  0]LogConsoleResponse:Warning:   Found in ini file '../../../Invaders_EIP/Saved/Config/WindowsServer/Engine.ini', in section '[/Script/Engine.RendererSettings]'
[2015.03.30-14.44.23:785][  0]LogConsoleManager:Warning: Console variable 'r.MSAA.CompositingSampleCount' wasn't set (Priority ProjectSetting < Scalability)
[2015.03.30-14.44.23:786][  0]LogInit: Selected Device Profile: [WindowsServer]
[2015.03.30-14.44.23:786][  0]LogInit: Applying CVar settings loaded from the selected device profile: [WindowsServer]
[2015.03.30-14.44.23:797][  0]LogInit: Computer: BESPIN
[2015.03.30-14.44.23:797][  0]LogInit: User: Baptiste
[2015.03.30-14.44.23:797][  0]LogInit: CPU Page size=4096, Cores=4
[2015.03.30-14.44.23:797][  0]LogInit: High frequency timer resolution =3.320361 MHz
[2015.03.30-14.44.23:797][  0]LogMemory: Memory total: Physical=7.9GB (8GB approx) Virtual=8192.0GB
[2015.03.30-14.44.23:797][  0]LogMemory: Platform Memory Stats for WindowsServer
[2015.03.30-14.44.23:797][  0]LogMemory: Process Physical Memory: 26.50 MB used, 26.50 MB peak
[2015.03.30-14.44.23:797][  0]LogMemory: Process Virtual Memory: 18.38 MB used, 18.45 MB peak
[2015.03.30-14.44.23:797][  0]LogMemory: Physical Memory: 4766.28 MB used, 8136.55 MB total
[2015.03.30-14.44.23:797][  0]LogMemory: Virtual Memory: 167.84 MB used, 8388608.00 MB total
[2015.03.30-14.44.23:870][  0]LogTextLocalizationManager: The requested culture ('fr_FR') has no localization data; falling back to 'en' for localization and internationalization data.
[2015.03.30-14.44.24:044][  0]LogInit: WinSock: version 1.1 (2.2), MaxSocks=32767, MaxUdp=65467
[2015.03.30-14.44.24:058][  0]LogObj: 20160 objects as part of root set at end of initial load.
[2015.03.30-14.44.24:058][  0]LogUObjectAllocator: 3942632 out of 0 bytes used by permanent object pool.
[2015.03.30-14.44.24:068][  0]LogEngine: Initializing Engine...
[2015.03.30-14.44.24:075][  0]LogInit: Texture streaming: Disabled
[2015.03.30-14.44.24:081][  0]LogNet: Browse: /Game/Maps/GameMap?Name=Player
[2015.03.30-14.44.24:081][  0]LogLoad: LoadMap: /Game/Maps/GameMap?Name=Player
[2015.03.30-14.44.24:090][  0]LogMemory: Platform Memory Stats for WindowsServer
[2015.03.30-14.44.24:090][  0]LogMemory: Process Physical Memory: 64.74 MB used, 65.26 MB peak
[2015.03.30-14.44.24:090][  0]LogMemory: Process Virtual Memory: 106.14 MB used, 108.41 MB peak
[2015.03.30-14.44.24:090][  0]LogMemory: Physical Memory: 4802.89 MB used, 8136.55 MB total
[2015.03.30-14.44.24:090][  0]LogMemory: Virtual Memory: 300.10 MB used, 8388608.00 MB total
[2015.03.30-14.44.24:090][  0]LogMemory: 
[2015.03.30-14.44.24:090][  0]LogMemory: Allocator Stats for binned:
[2015.03.30-14.44.24:090][  0]LogMemory: Current Memory 86.24 MB used, plus 3.27 MB waste
[2015.03.30-14.44.24:090][  0]LogMemory: Peak Memory 90.57 MB used, plus 1.78 MB waste
[2015.03.30-14.44.24:090][  0]LogMemory: Current OS Memory 89.51 MB, peak 92.35 MB
[2015.03.30-14.44.24:090][  0]LogMemory: Current Waste 0.46 MB, peak 0.53 MB
[2015.03.30-14.44.24:090][  0]LogMemory: Current Used 86.25 MB, peak 90.57 MB
[2015.03.30-14.44.24:090][  0]LogMemory: Current Slack 2.80 MB
[2015.03.30-14.44.24:090][  0]LogMemory: Allocs       96982 Current /  673360 Total
[2015.03.30-14.44.24:090][  0]LogMemory: 
[2015.03.30-14.44.24:090][  0]LogMemory: Block Size Num Pools Max Pools Cur Allocs Total Allocs Min Req Max Req Mem Used Mem Slack Mem Waste Efficiency
[2015.03.30-14.44.24:090][  0]LogMemory: ---------- --------- --------- ---------- ------------ ------- ------- -------- --------- --------- ----------
[2015.03.30-14.44.24:090][  0]LogMemory:          8         0         0          0            0       8       0       0K        0K        0K    100.00%
[2015.03.30-14.44.24:090][  0]LogMemory:         16         6         6      16293       104671      16      16     254K      130K        0K    100.00%
[2015.03.30-14.44.24:090][  0]LogMemory:         32        12        12      20274        97278      32      32     633K      135K        0K    100.00%
[2015.03.30-14.44.24:090][  0]LogMemory:         48         7         7       7406        41056      48      48     347K      101K        0K    100.00%
[2015.03.30-14.44.24:090][  0]LogMemory:         64        13        13      11816        50648      64      64     738K       94K        0K    100.00%
[2015.03.30-14.44.24:090][  0]LogMemory:         80         4         4       2716        34241      80      80     212K       44K        0K    100.00%
[2015.03.30-14.44.24:090][  0]LogMemory:         96         5         5       2737        34168      96      96     256K       64K        0K    100.00%
[2015.03.30-14.44.24:090][  0]LogMemory:        112         4         4       1251        17696     112     112     136K      120K        0K    100.00%
[2015.03.30-14.44.24:090][  0]LogMemory:        128        31        31      15460        34649     128     128    1932K       52K        0K    100.00%
[2015.03.30-14.44.24:090][  0]LogMemory:        160         8        13       2719        51791     144     160     424K       88K       16K     96.88%
[2015.03.30-14.44.24:090][  0]LogMemory:        192        23        23       7600        76865     176     192    1425K       46K       41K     97.21%
[2015.03.30-14.44.24:090][  0]LogMemory:        224         3         3        608        49208     208     224     133K       59K        5K     97.40%
[2015.03.30-14.44.24:090][  0]LogMemory:        256         3         3        692        27071     240     256     173K       19K        7K     96.35%
[2015.03.30-14.44.24:090][  0]LogMemory:        288         5         5       1072        16115     272     288     301K       19K        9K     97.19%
[2015.03.30-14.44.24:090][  0]LogMemory:        320         3         3        573         8567     304     320     179K       13K        4K     97.92%
[2015.03.30-14.44.24:090][  0]LogMemory:        384         9         9       1454         7729     336     384     545K       29K       47K     91.84%
[2015.03.30-14.44.24:090][  0]LogMemory:        448        11        11       1450         4652     400     448     634K       69K       46K     93.47%
[2015.03.30-14.44.24:090][  0]LogMemory:        512         3         3        359         2348     464     512     179K       13K       10K     94.79%
[2015.03.30-14.44.24:090][  0]LogMemory:        576         3         3        236          812     528     576     132K       59K        7K     96.35%
[2015.03.30-14.44.24:090][  0]LogMemory:        640         2         2         79          210     592     640      49K       79K        2K     98.44%
[2015.03.30-14.44.24:090][  0]LogMemory:        704         9        10        175         1251     656     704     120K      456K        3K     99.48%
[2015.03.30-14.44.24:090][  0]LogMemory:        768         9        16        144         2499     720     768     108K      466K        5K     99.13%
[2015.03.30-14.44.24:090][  0]LogMemory:        896         5         5        211          831     784     896     184K      136K        8K     97.50%
[2015.03.30-14.44.24:090][  0]LogMemory:       1024         2         2         98          198     912    1024      98K       30K        4K     96.88%
[2015.03.30-14.44.24:090][  0]LogMemory:       1168         2         2         57          336    1040    1168      65K       63K        3K     97.66%
[2015.03.30-14.44.24:090][  0]LogMemory:       1360         5         5        207         1516    1184    1360     274K       45K       16K     95.00%
[2015.03.30-14.44.24:090][  0]LogMemory:       1632         6         6        217          483    1376    1632     345K       38K       19K     95.05%
[2015.03.30-14.44.24:090][  0]LogMemory:       2048         6         6        108          482    1648    2048     216K      168K       24K     93.75%
[2015.03.30-14.44.24:090][  0]LogMemory:       2336         3         3         68         2287    2064    2336     155K       37K       17K     91.15%
[2015.03.30-14.44.24:090][  0]LogMemory:       2720         4         4         72          163    2352    2720     191K       64K       15K     94.14%
[2015.03.30-14.44.24:090][  0]LogMemory:       3264         8         8        153          890    2736    3264     487K       23K       30K     94.14%
[2015.03.30-14.44.24:090][  0]LogMemory:       4096        11        11        164          465    3280    4096     656K       48K       77K     89.06%
[2015.03.30-14.44.24:090][  0]LogMemory:       4672         8         8        103          810    4112    4672     469K       42K       20K     96.09%
[2015.03.30-14.44.24:090][  0]LogMemory:       5456        11        11        130          356    4688    5456     692K       12K       62K     91.19%
[2015.03.30-14.44.24:090][  0]LogMemory:       6544        11        11        108          247    5488    6544     690K       13K       55K     92.19%
[2015.03.30-14.44.24:090][  0]LogMemory:       8192         4         4         25          120    6560    8192     200K       56K       26K     89.84%
[2015.03.30-14.44.24:090][  0]LogMemory:       9360         3         3         20           80    8208    9360     182K       10K        9K     95.31%
[2015.03.30-14.44.24:090][  0]LogMemory:      10912         2         2         10           41    9408   10912     106K       22K        8K     93.75%
[2015.03.30-14.44.24:090][  0]LogMemory:      13104         1         2          4           44   10960   13056      51K       13K        3K     95.31%
[2015.03.30-14.44.24:090][  0]LogMemory:      16384         3         3         10           47   13120   16384     160K       32K       20K     89.58%
[2015.03.30-14.44.24:090][  0]LogMemory:      21840         9        10         27           81   16400   21744     575K        1K       97K     83.16%
[2015.03.30-14.44.24:090][  0]LogMemory:      32768         2         4          4           42   22352   32640     128K        0K       23K     82.03%
[2015.03.30-14.44.24:090][  0]LogMemory: 
[2015.03.30-14.44.24:090][  0]LogMemory: 17856K allocated in pools (with 3008K slack and 738K waste). Efficiency 95.87%
[2015.03.30-14.44.24:090][  0]LogMemory: Allocations 96911 Current / 673045 Total (in 279 pools)
[2015.03.30-14.44.24:090][  0]LogMemory: 
[2015.03.30-14.44.24:200][  0]LogWorld: Game class is 'GM_Invaders_C'
[2015.03.30-14.44.24:200][  0]LogInit: WinSock: Socket queue 131072 / 131072
[2015.03.30-14.44.24:229][  0]LogInit: WinSock: I am Bespin (192.168.0.13:0)
[2015.03.30-14.44.24:229][  0]LogNet: GameNetDriver IpNetDriver_0 IpNetDriver listening on port 7777
[2015.03.30-14.44.24:230][  0]LogModuleManager:Warning: ModuleManager: Module 'GameplayDebugger' not found - its StaticallyLinkedModuleInitializers function is null.
[2015.03.30-14.44.24:230][  0]LogAIModule: Creating AISystem for world GameMap
[2015.03.30-14.44.24:232][  0]LogWorld: Bringing World /Game/Maps/GameMap.GameMap up for play (max tick rate 30) at 2015.03.30-16.44.24
[2015.03.30-14.44.24:234][  0]LogWorld: Bringing up level for play took: 0.003014
[2015.03.30-14.44.24:235][  0]LogScript:Warning: Accessed None 'CallFunc_GetPlayerController_ReturnValue'
	GameMap_C /Game/Maps/GameMap.GameMap:PersistentLevel.GameMap_C_1
	Function /Game/Maps/GameMap.GameMap_C:ExecuteUbergraph_GameMap:00A7
[2015.03.30-14.44.24:235][  0]LogInit:Display: Game Engine Initialized.
[2015.03.30-14.44.24:235][  0]LogLoad: Full Startup: 0.89 seconds (BP compile: 0.00 seconds)
[2015.03.30-14.44.37:819][419]LogNet: NotifyAcceptingConnection: Server GameMap accept
[2015.03.30-14.44.37:819][419]LogNet: Open GameMap 03/30/15 16:44:37 127.0.0.1
[2015.03.30-14.44.37:819][419]LogNet: Added client connection.  Remote address = 127.0.0.1:52797
[2015.03.30-14.44.37:819][419]LogNet: NotifyAcceptingChannel Control 0 server World /Game/Maps/GameMap.GameMap: Accepted
[2015.03.30-14.44.37:819][419]LogNet: Remote platform little endian=1
[2015.03.30-14.44.37:819][419]LogNet: This platform little endian=1
[2015.03.30-14.44.37:819][419]LogNet: GetLocalNetworkVersion: GEngineNetVersion: 0, ProjectName: invaders_eip, ProjectVersion: , LocalNetworkVersion: -1868519786
[2015.03.30-14.44.37:852][420]LogNet: Login request: /Game/Maps/ClientMap userId: Invalid
[2015.03.30-14.44.37:852][420]LogNet: Client netspeed is 10000
[2015.03.30-14.44.38:306][434]LogNet: Join request: /Game/Maps/ClientMap?SplitscreenCount=1
[2015.03.30-14.44.38:308][434]LogNet: Join succeeded: 256
[2015.03.30-14.44.41:727][540]LogBlueprintUserMessages: Skill Launched !
[2015.03.30-14.44.42:952][578]LogBlueprintUserMessages: Hello
[2015.03.30-14.44.53:168][895]LogNet: NotifyAcceptingConnection: Server GameMap accept
[2015.03.30-14.44.53:168][895]LogNet: Open GameMap 03/30/15 16:44:53 127.0.0.1
[2015.03.30-14.44.53:168][895]LogNet: Added client connection.  Remote address = 127.0.0.1:58022
[2015.03.30-14.44.53:168][895]LogNet: NotifyAcceptingChannel Control 0 server World /Game/Maps/GameMap.GameMap: Accepted
[2015.03.30-14.44.53:168][895]LogNet: Remote platform little endian=1
[2015.03.30-14.44.53:168][895]LogNet: This platform little endian=1
[2015.03.30-14.44.53:168][895]LogNet: GetLocalNetworkVersion: GEngineNetVersion: 0, ProjectName: invaders_eip, ProjectVersion: , LocalNetworkVersion: -1868519786
[2015.03.30-14.44.53:201][896]LogNet: Login request: /Game/Maps/ClientMap userId: Invalid
[2015.03.30-14.44.53:201][896]LogNet: Client netspeed is 10000
[2015.03.30-14.44.53:363][901]LogNet: Join request: /Game/Maps/ClientMap?SplitscreenCount=1
[2015.03.30-14.44.53:364][901]LogNet: Join succeeded: 257
[2015.03.30-14.44.55:684][972]LogBlueprintUserMessages: Skill Launched !
[2015.03.30-14.44.56:902][  9]LogBlueprintUserMessages: Hello
[2015.03.30-14.45.02:530][181]LogBlueprintUserMessages: Skill Launched !
[2015.03.30-14.45.03:748][218]LogBlueprintUserMessages: Hello
[2015.03.30-14.45.11:130][444]LogNet: UChannel::ReceivedSequencedBunch: Bunch.bClose == true. ChIndex == 0. Calling ConditionalCleanUp.
[2015.03.30-14.45.11:130][444]LogNet: UChannel::CleanUp: [GameNetDriver] [PlayerController_1] [PlayerController_1]. ChIndex == 0. Closing connection.
[2015.03.30-14.45.11:130][444]LogNet: UNetConnection::Close: Name: IpConnection_1, Driver: GameNetDriver IpNetDriver_0, PC: PlayerController_1, Owner: PlayerController_1, Channels: 36, RemoteAddr: 127.0.0.1:58022, Time: 2015.03.30-14.45.11
[2015.03.30-14.45.11:130][444]LogNet: UChannel::Close: Sending CloseBunch. ChIndex == 0. Name: ControlChannel_1
[2015.03.30-14.45.11:130][444]LogPlayerController:Warning: Calling IsLocalController() while Player is NULL is undefined!
[2015.03.30-14.45.11:130][444]LogPlayerController:Warning: Calling IsLocalController() while Player is NULL is undefined!
[2015.03.30-14.45.12:706][493]LogNet: UChannel::ReceivedSequencedBunch: Bunch.bClose == true. ChIndex == 0. Calling ConditionalCleanUp.
[2015.03.30-14.45.12:706][493]LogNet: UChannel::CleanUp: [Ga