Log file open, 03/30/15 16:21:35
LogInit: Version: 4.7.3-0+++depot+UE4-Releases+4.7
LogInit: API Version: 0
LogInit: Compiled (64-bit): Mar 30 2015 14:57:29
LogInit: Compiled with Visual C++: 18.00.30501.00
LogInit: Build Configuration: Development
LogInit: Branch Name: ++depot+UE4-Releases+4.7
LogInit: Command line: 
LogInit: Base directory: C:/Users/Baptiste/Desktop/WindowsNoEditor/Invaders_EIP/Binaries/Win64/
LogInit: Rocket: 0
[2015.03.30-14.21.35:542][  0]LogTaskGraph: Started task graph with 3 named threads and 6 total threads.
[2015.03.30-14.21.35:583][  0]LogOnline:Warning: No default platform service specified for OnlineSubsystem
[2015.03.30-14.21.35:583][  0]LogInit: Presizing for 0 objects not considered by GC, pre-allocating 0 bytes.
[2015.03.30-14.21.35:593][  0]LogInit: Object subsystem initialized
[2015.03.30-14.21.35:596][  0]LogConsoleResponse:Warning: Skipping Unknown console variable: 'UIScaleRule = ShortestSide'
[2015.03.30-14.21.35:596][  0]LogConsoleResponse:Warning:   Found in ini file '../../../Invaders_EIP/Saved/Config/WindowsNoEditor/Engine.ini', in section '[/Script/Engine.RendererSettings]'
[2015.03.30-14.21.35:596][  0]LogConsoleResponse:Warning: Skipping Unknown console variable: 'UIScaleCurve = (EditorCurveData=(Keys=),ExternalCurve=None)'
[2015.03.30-14.21.35:596][  0]LogConsoleResponse:Warning:   Found in ini file '../../../Invaders_EIP/Saved/Config/WindowsNoEditor/Engine.ini', in section '[/Script/Engine.RendererSettings]'
[2015.03.30-14.21.35:609][  0]LogConsoleManager:Warning: Console variable 'r.MSAA.CompositingSampleCount' wasn't set (Priority ProjectSetting < Scalability)
[2015.03.30-14.21.35:609][  0]LogInit: Selected Device Profile: [WindowsNoEditor]
[2015.03.30-14.21.35:609][  0]LogInit: Applying CVar settings loaded from the selected device profile: [WindowsNoEditor]
[2015.03.30-14.21.35:617][  0]LogInit: Computer: BESPIN
[2015.03.30-14.21.35:617][  0]LogInit: User: Baptiste
[2015.03.30-14.21.35:617][  0]LogInit: CPU Page size=4096, Cores=4
[2015.03.30-14.21.35:617][  0]LogInit: High frequency timer resolution =3.320361 MHz
[2015.03.30-14.21.35:617][  0]LogMemory: Memory total: Physical=7.9GB (8GB approx) Virtual=8192.0GB
[2015.03.30-14.21.35:617][  0]LogMemory: Platform Memory Stats for WindowsNoEditor
[2015.03.30-14.21.35:617][  0]LogMemory: Process Physical Memory: 27.69 MB used, 27.69 MB peak
[2015.03.30-14.21.35:617][  0]LogMemory: Process Virtual Memory: 19.15 MB used, 19.15 MB peak
[2015.03.30-14.21.35:617][  0]LogMemory: Physical Memory: 4781.88 MB used, 8136.55 MB total
[2015.03.30-14.21.35:617][  0]LogMemory: Virtual Memory: 183.27 MB used, 8388608.00 MB total
[2015.03.30-14.21.35:662][  0]LogD3D11RHI: Found D3D11 adapter 0: NVIDIA GeForce GTX 770 (Feature Level 11_0)
[2015.03.30-14.21.35:662][  0]LogD3D11RHI: Adapter has 1990MB of dedicated video memory, 0MB of dedicated system memory, and 2048MB of shared system memory, 2 output[s]
[2015.03.30-14.21.35:662][  0]LogD3D11RHI: Chosen D3D11 Adapter Id = 0
[2015.03.30-14.21.35:665][  0]LogRHI: Texture pool is 1361 MB (70% of 1945 MB)
[2015.03.30-14.21.35:674][  0]LogD3D11RHI: Async texture creation enabled
[2015.03.30-14.21.36:060][  0]LogTextLocalizationManager: The requested culture ('fr_FR') has no localization data; falling back to 'en' for localization and internationalization data.
[2015.03.30-14.21.36:107][  0]LogContentStreaming: Texture pool size is 1000.000000MB
[2015.03.30-14.21.36:342][  0]LogInit: WinSock: version 1.1 (2.2), MaxSocks=32767, MaxUdp=65467
[2015.03.30-14.21.36:444][  0]LogWindowsMoviePlayer: Unable to load movie: ../../../Invaders_EIP/Content/Movies/Default_Startup.mp4
[2015.03.30-14.21.36:476][  0]LogObj: 20190 objects as part of root set at end of initial load.
[2015.03.30-14.21.36:476][  0]LogUObjectAllocator: 3946488 out of 0 bytes used by permanent object pool.
[2015.03.30-14.21.36:487][  0]LogEngine: Initializing Engine...
[2015.03.30-14.21.39:555][  0]LogInit: XAudio2 using 'Haut-parleurs (Logitech G430 Gaming Headset)' : 2 channels at 44.1 kHz using 16 bits per sample (channel mask 0x3)
[2015.03.30-14.21.39:571][  0]LogInit: FAudioDevice initialized.
[2015.03.30-14.21.39:571][  0]LogInit: Texture streaming: Enabled
[2015.03.30-14.21.39:581][  0]LogNet: Browse: /Game/Maps/ClientMap?Name=Player
[2015.03.30-14.21.39:581][  0]LogLoad: LoadMap: /Game/Maps/ClientMap?Name=Player
[2015.03.30-14.21.39:587][  0]LogMemory: Platform Memory Stats for WindowsNoEditor
[2015.03.30-14.21.39:587][  0]LogMemory: Process Physical Memory: 106.39 MB used, 114.54 MB peak
[2015.03.30-14.21.39:587][  0]LogMemory: Process Virtual Memory: 97.90 MB used, 106.75 MB peak
[2015.03.30-14.21.39:587][  0]LogMemory: Physical Memory: 4838.11 MB used, 8136.55 MB total
[2015.03.30-14.21.39:587][  0]LogMemory: Virtual Memory: 422.92 MB used, 8388608.00 MB total
[2015.03.30-14.21.39:587][  0]LogMemory: 
[2015.03.30-14.21.39:588][  0]LogMemory: Allocator Stats for binned:
[2015.03.30-14.21.39:588][  0]LogMemory: Current Memory 33.03 MB used, plus 3.33 MB waste
[2015.03.30-14.21.39:588][  0]LogMemory: Peak Memory 43.08 MB used, plus 2.70 MB waste
[2015.03.30-14.21.39:588][  0]LogMemory: Current OS Memory 36.36 MB, peak 45.78 MB
[2015.03.30-14.21.39:588][  0]LogMemory: Current Waste 0.54 MB, peak 0.94 MB
[2015.03.30-14.21.39:588][  0]LogMemory: Current Used 33.03 MB, peak 43.08 MB
[2015.03.30-14.21.39:588][  0]LogMemory: Current Slack 2.80 MB
[2015.03.30-14.21.39:588][  0]LogMemory: Allocs       107969 Current /  878815 Total
[2015.03.30-14.21.39:588][  0]LogMemory: 
[2015.03.30-14.21.39:588][  0]LogMemory: Block Size Num Pools Max Pools Cur Allocs Total Allocs Min Req Max Req Mem Used Mem Slack Mem Waste Efficiency
[2015.03.30-14.21.39:588][  0]LogMemory: ---------- --------- --------- ---------- ------------ ------- ------- -------- --------- --------- ----------
[2015.03.30-14.21.39:588][  0]LogMemory:          8         0         0          0            0       8       0       0K        0K        0K    100.00%
[2015.03.30-14.21.39:588][  0]LogMemory:         16         5         5      19197       122467      16      16     299K       21K        0K    100.00%
[2015.03.30-14.21.39:588][  0]LogMemory:         32        12        12      22425        99310      32      32     700K       68K        0K    100.00%
[2015.03.30-14.21.39:588][  0]LogMemory:         48         7         7       9125        44120      48      48     427K       21K        0K    100.00%
[2015.03.30-14.21.39:588][  0]LogMemory:         64        13        13      12456        58286      64      64     778K       54K        0K    100.00%
[2015.03.30-14.21.39:588][  0]LogMemory:         80         4         4       2792        39497      80      80     218K       38K        0K    100.00%
[2015.03.30-14.21.39:588][  0]LogMemory:         96         5         5       2837        41247      96      96     265K       55K        0K    100.00%
[2015.03.30-14.21.39:588][  0]LogMemory:        112         4         4       1362        21799     112     112     148K      108K        0K    100.00%
[2015.03.30-14.21.39:588][  0]LogMemory:        128        31        31      15505        40984     128     128    1938K       46K        0K    100.00%
[2015.03.30-14.21.39:588][  0]LogMemory:        160         9        13       2935        76321     144     160     458K      118K       17K     97.05%
[2015.03.30-14.21.39:588][  0]LogMemory:        192        24        24       7823       115262     176     192    1466K       69K       45K     97.07%
[2015.03.30-14.21.39:588][  0]LogMemory:        224         3         3        780        87692     208     224     170K       22K        7K     96.35%
[2015.03.30-14.21.39:588][  0]LogMemory:        256         4         4        937        44943     240     256     234K       22K        9K     96.48%
[2015.03.30-14.21.39:588][  0]LogMemory:        288         5         5       1092        26517     272     288     307K       13K        9K     97.19%
[2015.03.30-14.21.39:588][  0]LogMemory:        320         4         4        619        14398     304     320     193K       62K        5K     98.05%
[2015.03.30-14.21.39:588][  0]LogMemory:        384        10        10       1592        11771     336     384     597K       41K       53K     91.72%
[2015.03.30-14.21.39:588][  0]LogMemory:        448        11        11       1568         5885     400     448     686K       17K       43K     93.89%
[2015.03.30-14.21.39:588][  0]LogMemory:        512         9         9       1095         4587     464     512     547K       29K       28K     95.14%
[2015.03.30-14.21.39:588][  0]LogMemory:        576         3         3        283         1499     528     576     159K       32K       11K     94.27%
[2015.03.30-14.21.39:588][  0]LogMemory:        640         2         2        107          256     592     640      66K       62K        3K     97.66%
[2015.03.30-14.21.39:588][  0]LogMemory:        704         9        10        577         1297     656     704     396K      180K       11K     98.09%
[2015.03.30-14.21.39:588][  0]LogMemory:        768        11        15        751         3457     720     768     563K      139K       19K     97.30%
[2015.03.30-14.21.39:588][  0]LogMemory:        896         5         5        293         1009     784     896     256K       64K       14K     95.63%
[2015.03.30-14.21.39:588][  0]LogMemory:       1024         2         3        108          464     912    1024     108K       20K        2K     98.44%
[2015.03.30-14.21.39:588][  0]LogMemory:       1168         2         2         97          447    1040    1168     110K       18K        5K     96.09%
[2015.03.30-14.21.39:588][  0]LogMemory:       1360         6         6        227         3080    1184    1360     301K       82K       20K     94.79%
[2015.03.30-14.21.39:588][  0]LogMemory:       1632         7         7        251          617    1376    1632     400K       47K       26K     94.20%
[2015.03.30-14.21.39:588][  0]LogMemory:       2048         8         8        157          846    1648    2048     314K      198K       30K     94.14%
[2015.03.30-14.21.39:588][  0]LogMemory:       2336         4         4         94         3119    2064    2336     214K       42K       23K     91.02%
[2015.03.30-14.21.39:588][  0]LogMemory:       2720         5         5         95          492    2352    2720     252K       67K       13K     95.94%
[2015.03.30-14.21.39:588][  0]LogMemory:       3264        10        10        145         2227    2736    3264     462K      176K       26K     95.94%
[2015.03.30-14.21.39:588][  0]LogMemory:       4096        12        13        144          678    3280    4096     576K      192K       53K     93.10%
[2015.03.30-14.21.39:588][  0]LogMemory:       4672         7         9         72         1376    4112    4672     328K      120K       11K     97.54%
[2015.03.30-14.21.39:588][  0]LogMemory:       5456        10        13         93          392    4688    5456     495K      145K       44K     93.13%
[2015.03.30-14.21.39:588][  0]LogMemory:       6544        12        13         96          298    5488    6544     613K      154K       50K     93.49%
[2015.03.30-14.21.39:588][  0]LogMemory:       8192         6         6         41          881    6560    8192     328K       56K       23K     94.01%
[2015.03.30-14.21.39:588][  0]LogMemory:       9360         5         5         30           93    8208    9360     274K       46K       15K     95.31%
[2015.03.30-14.21.39:588][  0]LogMemory:      10912         4         4         19          159    9408   10912     202K       54K       21K     91.80%
[2015.03.30-14.21.39:588][  0]LogMemory:      13104         3         3         12           52   10960   13056     153K       39K       10K     94.79%
[2015.03.30-14.21.39:588][  0]LogMemory:      16384         6         9         21          124   13120   16384     336K       48K       23K     94.01%
[2015.03.30-14.21.39:588][  0]LogMemory:      21840        11        11         30           98   16400   21744     639K       65K      105K     85.09%
[2015.03.30-14.21.39:588][  0]LogMemory:      32768         5         7          9           63   21904   32640     288K       32K       61K     80.94%
[2015.03.30-14.21.39:588][  0]LogMemory: 
[2015.03.30-14.21.39:588][  0]LogMemory: 20160K allocated in pools (with 2882K slack and 835K waste). Efficiency 95.86%
[2015.03.30-14.21.39:588][  0]LogMemory: Allocations 107893 Current / 878111 Total (in 315 pools)
[2015.03.30-14.21.39:588][  0]LogMemory: 
[2015.03.30-14.21.39:592][  0]LogWorld: Game class is 'GM_ClientMap_C'
[2015.03.30-14.21.39:594][  0]LogModuleManager:Warning: ModuleManager: Module 'GameplayDebugger' not found - its StaticallyLinkedModuleInitializers function is null.
[2015.03.30-14.21.39:594][  0]LogAIModule: Creating AISystem for world ClientMap
[2015.03.30-14.21.39:594][  0]LogWorld: Bringing World /Game/Maps/ClientMap.ClientMap up for play (max tick rate 0) at 2015.03.30-16.21.39
[2015.03.30-14.21.39:594][  0]LogWorld: Bringing up level for play took: 0.000305
[2015.03.30-14.21.39:595][  0]LogGameMode: Warning - PATHS NOT DEFINED or NO PLAYERSTART with positive rating
[2015.03.30-14.21.39:597][  0]LogInit:Display: Game Engine Initialized.
[2015.03.30-14.21.39:797][  0]LogLoad: Full Startup: 5.59 seconds (BP compile: 0.00 seconds)
[2015.03.30-14.21.39:914][  2]LogRenderer:Warning: Reallocating scene render targets to support 1600x904 (Frame:2).
[2015.03.30-14.21.43:205][204]LogNet: Browse: 127.0.0.1//Game/Maps/ClientMap
[2015.03.30-14.21.43:206][204]LogInit: WinSock: Socket queue 32768 / 32768
[2015.03.30-14.21.43:208][204]LogInit: WinSock: I am Bespin (192.168.0.13:0)
[2015.03.30-14.21.43:209][204]LogNet: Game client on port 7777, rate 10000
[2015.03.30-14.21.43:209][204]LogNet: GetLocalNetworkVersion: GEngineNetVersion: 0, ProjectName: invaders_eip, ProjectVersion: , LocalNetworkVersion: -1868519786
[2015.03.30-14.21.43:286][209]LogNet: Welcomed by server (Level: /Game/Maps/GameMap, Game: /Game/Sources/GameModes/GM_Invaders.GM_Invaders_C)
[2015.03.30-14.21.43:286][209]LogLoad: LoadMap: 127.0.0.1//Game/Maps/GameMap?game=/Game/Sources/GameModes/GM_Invaders.GM_Invaders_C
[2015.03.30-14.21.43:289][209]LogParticles: Destroying 0 GPU particle simulations for FXSystem 0x000000000854CA80
[2015.03.30-14.21.43:292][209]LogMemory: Platform Memory Stats for WindowsNoEditor
[2015.03.30-14.21.43:292][209]LogMemory: Process Physical Memory: 132.14 MB used, 133.21 MB peak
[2015.03.30-14.21.43:292][209]LogMemory: Process Virtual Memory: 113.40 MB used, 115.80 MB peak
[2015.03.30-14.21.43:292][209]LogMemory: Physical Memory: 4862.34 MB used, 8136.55 MB total
[2015.03.30-14.21.43:292][209]LogMemory: Virtual Memory: 432.15 MB used, 8388608.00 MB total
[2015.03.30-14.21.43:292][209]LogMemory: 
[2015.03.30-14.21.43:292][209]LogMemory: Allocator Stats for binned:
[2015.03.30-14.21.43:292][209]LogMemory: Current Memory 38.58 MB used, plus 3.13 MB waste
[2015.03.30-14.21.43:292][209]LogMemory: Peak Memory 43.08 MB used, plus 2.70 MB waste
[2015.03.30-14.21.43:292][209]LogMemory: Current OS Memory 41.71 MB, peak 45.78 MB
[2015.03.30-14.21.43:292][209]LogMemory: Current Waste 0.62 MB, peak 0.94 MB
[2015.03.30-14.21.43:292][209]LogMemory: Current Used 38.58 MB, peak 43.08 MB
[2015.03.30-14.21.43:292][209]LogMemory: Current Slack 2.51 MB
[2015.03.30-14.21.43:292][209]LogMemory: Allocs       109205 Current /  1032994 Total
[2015.03.30-14.21.43:292][209]LogMemory: 
[2015.03.30-14.21.43:292][209]LogMemory: Block Size Num Pools Max Pools Cur Allocs Total Allocs Min Req Max Req Mem Used Mem Slack Mem Waste Efficiency
[2015.03.30-14.21.43:292][209]LogMemory: ---------- --------- --------- ---------- ------------ ------- ------- -------- --------- --------- ----------
[2015.03.30-14.21.43:292][209]LogMemory:          8         0         0          0            0       8       0       0K        0K        0K    100.00%
[2015.03.30-14.21.43:292][209]LogMemory:         16         5         5      19415       158124      16      16     303K       17K        0K    100.00%
[2015.03.30-14.21.43:292][209]LogMemory:         32        12        12      22743       108842      32      32     710K       58K        0K    100.00%
[2015.03.30-14.21.43:292][209]LogMemory:         48         7         7       9208        66457      48      48     431K       17K        0K    100.00%
[2015.03.30-14.21.43:292][209]LogMemory:         64        13        13      12649        78996      64      64     790K       42K        0K    100.00%
[2015.03.30-14.21.43:292][209]LogMemory:         80         4         4       2871        48302      80      80     224K       32K        0K    100.00%
[2015.03.30-14.21.43:292][209]LogMemory:         96         5         5       2880        47012      96      96     270K       50K        0K    100.00%
[2015.03.30-14.21.43:292][209]LogMemory:        112         4         4       1488        36891     112     112     162K       94K        0K    100.00%
[2015.03.30-14.21.43:292][209]LogMemory:        128        31        31      15534        42959     128     128    1941K       43K        0K    100.00%
[2015.03.30-14.21.43:292][209]LogMemory:        160         9        13       2977        78817     144     160     465K      111K       18K     96.88%
[2015.03.30-14.21.43:292][209]LogMemory:        192        24        24       7903       117829     176     192    1481K       54K       46K     97.01%
[2015.03.30-14.21.43:292][209]LogMemory:        224         3         3        791        90621     208     224     173K       19K        7K     96.35%
[2015.03.30-14.21.43:292][209]LogMemory:        256         4         4        947        46318     240     256     236K       20K        9K     96.48%
[2015.03.30-14.21.43:292][209]LogMemory:        288         5         6       1098        32069     272     288     308K       12K        8K     97.50%
[2015.03.30-14.21.43:292][209]LogMemory:        320         4         4        625        16112     304     320     195K       60K        5K     98.05%
[2015.03.30-14.21.43:292][209]LogMemory:        384        10        10       1607        14644     336     384     602K       36K       51K     92.03%
[2015.03.30-14.21.43:292][209]LogMemory:        448        11        11       1571         7334     400     448     687K       16K       37K     94.74%
[2015.03.30-14.21.43:292][209]LogMemory:        512         9         9       1098         5156     464     512     549K       27K       26K     95.49%
[2015.03.30-14.21.43:292][209]LogMemory:        576         3         3        285         1954     528     576     160K       31K       10K     94.79%
[2015.03.30-14.21.43:292][209]LogMemory:        640         2         2        105          284     592     640      65K       63K        2K     98.44%
[2015.03.30-14.21.43:292][209]LogMemory:        704         9        10        578         1730     656     704     397K      179K       11K     98.09%
[2015.03.30-14.21.43:292][209]LogMemory:        768        11        15        752         3692     720     768     564K      138K       18K     97.44%
[2015.03.30-14.21.43:292][209]LogMemory:        896         5         5        296         2353     784     896     259K       61K       20K     93.75%
[2015.03.30-14.21.43:292][209]LogMemory:       1024         3         3        107         3904     912    1024     107K       85K        2K     98.96%
[2015.03.30-14.21.43:292][209]LogMemory:       1168         2         2         98         1657    1040    1168     111K       17K        2K     98.44%
[2015.03.30-14.21.43:292][209]LogMemory:       1360         6         6        230         3691    1184    1360     305K       78K       20K     94.79%
[2015.03.30-14.21.43:292][209]LogMemory:       1632         7         7        252          672    1376    1632     401K       46K       25K     94.42%
[2015.03.30-14.21.43:292][209]LogMemory:       2048         8         8        157         1719    1648    2048     314K      198K       28K     94.53%
[2015.03.30-14.21.43:292][209]LogMemory:       2336         4         4         94         3141    2064    2336     214K       42K       23K     91.02%
[2015.03.30-14.21.43:292][209]LogMemory:       2720         5         5         94          917    2352    2720     249K       70K       11K     96.56%
[2015.03.30-14.21.43:292][209]LogMemory:       3264        10        10        146         2446    2736    3264     465K      173K       30K     95.31%
[2015.03.30-14.21.43:292][209]LogMemory:       4096        12        13        144          760    3280    4096     576K      192K       52K     93.23%
[2015.03.30-14.21.43:292][209]LogMemory:       4672         7         9         69         1408    4112    4672     314K      134K       11K     97.54%
[2015.03.30-14.21.43:292][209]LogMemory:       5456        10        13         93          477    4688    5456     495K      145K       41K     93.59%
[2015.03.30-14.21.43:292][209]LogMemory:       6544        12        13         95          608    5488    6544     607K      160K       59K     92.32%
[2015.03.30-14.21.43:292][209]LogMemory:       8192         7         9         40         1170    6560    8192     320K      128K       28K     93.75%
[2015.03.30-14.21.43:292][209]LogMemory:       9360         5         5         28           97    8208    9360     255K       65K       14K     95.63%
[2015.03.30-14.21.43:292][209]LogMemory:      10912         4         5         19         1706    9408   10912     202K       54K       20K     92.19%
[2015.03.30-14.21.43:292][209]LogMemory:      13104         3         3         13           58   10960   13056     166K       26K       11K     94.27%
[2015.03.30-14.21.43:292][209]LogMemory:      16384         7        11         21          154   13120   16384     336K      112K       22K     95.09%
[2015.03.30-14.21.43:292][209]LogMemory:      21840        12        12         30          103   16400   21744     639K      129K      106K     86.20%
[2015.03.30-14.21.43:292][209]LogMemory:      32768         5         7          8           71   21904   32640     256K       64K       56K     82.50%
[2015.03.30-14.21.43:292][209]LogMemory: 
[2015.03.30-14.21.43:292][209]LogMemory: 20416K allocated in pools (with 3098K slack and 829K waste). Efficiency 95.94%
[2015.03.30-14.21.43:292][209]LogMemory: Allocations 109160 Current / 1031256 Total (in 319 pools)
[2015.03.30-14.21.43:292][209]LogMemory: 
[2015.03.30-14.21.43:420][209]LogWorld: Bringing World /Game/Maps/GameMap.GameMap up for play (max tick rate 0) at 2015.03.30-16.21.43
[2015.03.30-14.21.43:422][209]LogWorld: Bringing up level for play took: 0.004837
[2015.03.30-14.21.49:859][607]LogEngine: All Windows Closed
[2015.03.30-14.21.49:859][607]LogWindows: FPlatformMisc::RequestExit(0)
[2015.03.30-14.21.49:866][608]LogNet: World NetDriver shutdown IpNetDriver_0 [GameNetDriver]
[2015.03.30-14.21.49:866][608]LogNet: DestroyNamedNetDriver IpNetDriver_0 [GameNetDriver]
[2015.03.30-14.21.49:867][608]LogNet: UNetConnection::Close: Name: IpConnection_0, Driver: GameNetDriver IpNetDriver_0, PC: PlayerController_1, Owner: PlayerController_1, Channels: 27, RemoteAddr: 127.0.0.1:7777, Time: 2015.03.30-14.21.49
[2015.03.30-14.21.49:867][608]LogNet: UChannel::Close: Sending CloseBunch. ChIndex == 0. Name: ControlChannel_0
[2015.03.30-14.21.49:867][608]LogExit: GameNetDriver IpNetDriver_0 shut down
[2015.03.30-14.21.49:954][608]LogExit: Preparing to exit.
[2015.03.30-14.21.49:963][608]LogExit: Game engine shut down
[2015.03.30-14.21.49:963][608]LogParticles: Destroying 0 GPU particle simulations for FXSystem 0x000000000B6ADFC0
[2015.03.30-14.21.49:986][608]LogExit: Object subsystem successfully closed.
[2015.03.30-14.21.49:992][608]LogModuleManager: Shutting down and abandoning module AutomationWorker (48)
[2015.03.30-14.21.49:992][608]LogModuleManager: Shutting down and abandoning module CharacterAI (47)
[2015.03.30-14.21.49:992][608]LogModuleManager: Shutting down and abandoning module AIModule (45)
[2015.03.30-14.21.49:992][608]LogModuleManager: Shutting down and abandoning module GameLiveStreaming (44)
[2015.03.30-14.21.49:992][608]LogModuleManager: Shutting down and abandoning module StreamingPauseRendering (43)
[2015.03.30-14.21.49:992][608]LogModuleManager: Shutting down and abandoning module HTTP (42)
[2015.03.30-14.21.50:014][608]LogModuleManager: Shutting down and abandoning module AnalyticsET (41)
[2015.03.30-14.21.50:014][608]LogModuleManager: Shutting down and abandoning module Analytics (40)
[2015.03.30-14.21.50:014][608]LogModuleManager: Shutting down and abandoning module ProfilerService (39)
[2015.03.30-14.21.50:228][608]LogModuleManager: Shutting down and abandoning module TaskGraph (38)
[2015.03.30-14.21.50:228][608]LogModuleManager: Shutting down and abandoning module SlateRemote (37)
[2015.03.30-14.21.50:228][608]LogModuleManager: Shutting down and abandoning module CustomMeshComponent (36)
[2015.03.30-14.21.50:228][608]LogModuleManager: Shutting down and abandoning module CableComponent (35)
[2015.03.30-14.21.50:228][608]LogModuleManager: Shutting down and abandoning module Invaders_EIP (34)
[2015.03.30-14.21.50:228][608]LogModuleManager: Shutting down and abandoning module ScriptPlugin (33)
[2015.03.30-14.21.50:228][608]LogModuleManager: Shutting down and abandoning module UdpMessaging (32)
[2015.03.30-14.21.50:228][608]LogModuleManager: Shutting down and abandoning module Paper2D (31)
[2015.03.30-14.21.50:228][608]LogModuleManager: Shutting down and abandoning module WindowsMoviePlayer (30)
[2015.03.30-14.21.50:228][608]LogModuleManager: Shutting down and abandoning module Media (29)
[2015.03.30-14.21.50:228][608]LogModuleManager: Shutting down and abandoning module WmfMedia (28)
[2015.03.30-14.21.50:228][608]LogModuleManager: Shutting down and abandoning module ImageWrapper (27)
[2015.03.30-14.21.50:228][608]LogModuleManager: Shutting down and abandoning module UMG (26)
[2015.03.30-14.21.50:228][608]LogModuleManager: Shutting down and abandoning module Slate (25)
[2015.03.30-14.21.50:228][608]LogModuleManager: Shutting down and abandoning module SessionServices (24)
[2015.03.30-14.21.50:228][608]LogModuleManager: Shutting down and abandoning module Messaging (23)
[2015.03.30-14.21.50:228][608]LogModuleManager: Shutting down and abandoning module HeadMountedDisplay (22)
[2015.03.30-14.21.50:228][608]LogModuleManager: Shutting down and abandoning module XAudio2 (21)
[2015.03.30-14.21.50:228][608]LogModuleManager: Shutting down and abandoning module Networking (19)
[2015.03.30-14.21.50:228][608]LogModuleManager: Shutting down and abandoning module Core (18)
[2015.03.30-14.21.50:228][608]LogModuleManager: Shutting down and abandoning module InputCore (17)
[2015.03.30-14.21.50:228][608]LogModuleManager: Shutting down and abandoning module OnlineSubsystem (15)
[2015.03.30-14.21.50:228][608]LogModuleManager: Shutting down and abandoning module OculusRift (14)
[2015.03.30-14.21.50:228][608]LogModuleManager: Shutting down and abandoning module ExampleDeviceProfileSelector (13)
[2015.03.30-14.21.50:228][608]LogModuleManager: Shutting down and abandoning module ShaderCore (12)
[2015.03.30-14.21.50:228][608]LogModuleManager: Shutting down and abandoning module Landscape (11)
[2015.03.30-14.21.50:228][608]LogModuleManager: Shutting down and abandoning module SlateRHIRenderer (10)
[2015.03.30-14.21.50:229][608]LogModuleManager: Shutting down and abandoning module OpenGLDrv (9)
[2015.03.30-14.21.50:229][608]LogModuleManager: Shutting down and abandoning module D3D11RHI (8)
[2015.03.30-14.21.50:229][608]LogModuleManager: Shutting down and abandoning module Renderer (7)
[2015.03.30-14.21.50:229][608]LogModuleManager: Shutting down and abandoning module Engine (6)
[2015.03.30-14.21.50:229][608]LogModuleManager: Shutting down and abandoning module CoreUObject (5)
[2015.03.30-14.21.50:229][608]LogModuleManager: Shutting down and abandoning module NetworkFile (4)
[2015.03.30-14.21.50:229][608]LogModuleManager: Shutting down and abandoning module StreamingFile (3)
[2015.03.30-14.21.50:229][608]LogModuleManager: Shutting down and abandoning module SandboxFile (2)
[2015.03.30-14.21.50:229][608]LogModuleManager: Shutting down and abandoning module PakFile (1)
[2015.03.30-14.21.50:230][608]LogExit: Exiting.
[2015.03.30-14.21.50:231][608]Log file closed, 03/30/15 16:21:50
