Log file open, 03/30/15 16:44:45
LogInit: Version: 4.7.3-0+++depot+UE4-Releases+4.7
LogInit: API Version: 0
LogInit: Compiled (64-bit): Mar 30 2015 14:57:29
LogInit: Compiled with Visual C++: 18.00.30501.00
LogInit: Build Configuration: Development
LogInit: Branch Name: ++depot+UE4-Releases+4.7
LogInit: Command line: 
LogInit: Base directory: C:/Users/Baptiste/Desktop/WindowsNoEditor/Invaders_EIP/Binaries/Win64/
LogInit: Rocket: 0
[2015.03.30-14.44.45:993][  0]LogTaskGraph: Started task graph with 3 named threads and 6 total threads.
[2015.03.30-14.44.46:034][  0]LogOnline:Warning: No default platform service specified for OnlineSubsystem
[2015.03.30-14.44.46:034][  0]LogInit: Presizing for 0 objects not considered by GC, pre-allocating 0 bytes.
[2015.03.30-14.44.46:040][  0]LogInit: Object subsystem initialized
[2015.03.30-14.44.46:041][  0]LogConsoleResponse:Warning: Skipping Unknown console variable: 'UIScaleRule = ShortestSide'
[2015.03.30-14.44.46:041][  0]LogConsoleResponse:Warning:   Found in ini file '../../../Invaders_EIP/Saved/Config/WindowsNoEditor/Engine.ini', in section '[/Script/Engine.RendererSettings]'
[2015.03.30-14.44.46:041][  0]LogConsoleResponse:Warning: Skipping Unknown console variable: 'UIScaleCurve = (EditorCurveData=(Keys=),ExternalCurve=None)'
[2015.03.30-14.44.46:041][  0]LogConsoleResponse:Warning:   Found in ini file '../../../Invaders_EIP/Saved/Config/WindowsNoEditor/Engine.ini', in section '[/Script/Engine.RendererSettings]'
[2015.03.30-14.44.46:048][  0]LogConsoleManager:Warning: Console variable 'r.MSAA.CompositingSampleCount' wasn't set (Priority ProjectSetting < Scalability)
[2015.03.30-14.44.46:048][  0]LogInit: Selected Device Profile: [WindowsNoEditor]
[2015.03.30-14.44.46:048][  0]LogInit: Applying CVar settings loaded from the selected device profile: [WindowsNoEditor]
[2015.03.30-14.44.46:054][  0]LogInit: Computer: BESPIN
[2015.03.30-14.44.46:054][  0]LogInit: User: Baptiste
[2015.03.30-14.44.46:054][  0]LogInit: CPU Page size=4096, Cores=4
[2015.03.30-14.44.46:054][  0]LogInit: High frequency timer resolution =3.320361 MHz
[2015.03.30-14.44.46:054][  0]LogMemory: Memory total: Physical=7.9GB (8GB approx) Virtual=8192.0GB
[2015.03.30-14.44.46:054][  0]LogMemory: Platform Memory Stats for WindowsNoEditor
[2015.03.30-14.44.46:054][  0]LogMemory: Process Physical Memory: 27.60 MB used, 27.60 MB peak
[2015.03.30-14.44.46:054][  0]LogMemory: Process Virtual Memory: 18.93 MB used, 18.94 MB peak
[2015.03.30-14.44.46:054][  0]LogMemory: Physical Memory: 5004.58 MB used, 8136.55 MB total
[2015.03.30-14.44.46:054][  0]LogMemory: Virtual Memory: 182.27 MB used, 8388608.00 MB total
[2015.03.30-14.44.46:078][  0]LogD3D11RHI: Found D3D11 adapter 0: NVIDIA GeForce GTX 770 (Feature Level 11_0)
[2015.03.30-14.44.46:078][  0]LogD3D11RHI: Adapter has 1990MB of dedicated video memory, 0MB of dedicated system memory, and 2048MB of shared system memory, 2 output[s]
[2015.03.30-14.44.46:078][  0]LogD3D11RHI: Chosen D3D11 Adapter Id = 0
[2015.03.30-14.44.46:082][  0]LogRHI: Texture pool is 1361 MB (70% of 1945 MB)
[2015.03.30-14.44.46:092][  0]LogD3D11RHI: Async texture creation enabled
[2015.03.30-14.44.46:605][  0]LogTextLocalizationManager: The requested culture ('fr_FR') has no localization data; falling back to 'en' for localization and internationalization data.
[2015.03.30-14.44.46:654][  0]LogContentStreaming: Texture pool size is 1000.000000MB
[2015.03.30-14.44.46:805][  0]LogInit: WinSock: version 1.1 (2.2), MaxSocks=32767, MaxUdp=65467
[2015.03.30-14.44.46:941][  0]LogWindowsMoviePlayer: Unable to load movie: ../../../Invaders_EIP/Content/Movies/Default_Startup.mp4
[2015.03.30-14.44.46:974][  0]LogObj: 20190 objects as part of root set at end of initial load.
[2015.03.30-14.44.46:974][  0]LogUObjectAllocator: 3946488 out of 0 bytes used by permanent object pool.
[2015.03.30-14.44.46:984][  0]LogEngine: Initializing Engine...
[2015.03.30-14.44.49:031][  0]LogInit: XAudio2 using 'Haut-parleurs (Logitech G430 Gaming Headset)' : 2 channels at 44.1 kHz using 16 bits per sample (channel mask 0x3)
[2015.03.30-14.44.49:038][  0]LogInit: FAudioDevice initialized.
[2015.03.30-14.44.49:038][  0]LogInit: Texture streaming: Enabled
[2015.03.30-14.44.49:044][  0]LogNet: Browse: /Game/Maps/ClientMap?Name=Player
[2015.03.30-14.44.49:044][  0]LogLoad: LoadMap: /Game/Maps/ClientMap?Name=Player
[2015.03.30-14.44.49:049][  0]LogMemory: Platform Memory Stats for WindowsNoEditor
[2015.03.30-14.44.49:049][  0]LogMemory: Process Physical Memory: 106.15 MB used, 114.19 MB peak
[2015.03.30-14.44.49:049][  0]LogMemory: Process Virtual Memory: 97.74 MB used, 106.60 MB peak
[2015.03.30-14.44.49:049][  0]LogMemory: Physical Memory: 5058.96 MB used, 8136.55 MB total
[2015.03.30-14.44.49:049][  0]LogMemory: Virtual Memory: 422.93 MB used, 8388608.00 MB total
[2015.03.30-14.44.49:049][  0]LogMemory: 
[2015.03.30-14.44.49:050][  0]LogMemory: Allocator Stats for binned:
[2015.03.30-14.44.49:050][  0]LogMemory: Current Memory 33.16 MB used, plus 3.21 MB waste
[2015.03.30-14.44.49:050][  0]LogMemory: Peak Memory 43.08 MB used, plus 2.71 MB waste
[2015.03.30-14.44.49:050][  0]LogMemory: Current OS Memory 36.37 MB, peak 45.79 MB
[2015.03.30-14.44.49:050][  0]LogMemory: Current Waste 0.54 MB, peak 0.95 MB
[2015.03.30-14.44.49:050][  0]LogMemory: Current Used 33.16 MB, peak 43.08 MB
[2015.03.30-14.44.49:050][  0]LogMemory: Current Slack 2.67 MB
[2015.03.30-14.44.49:050][  0]LogMemory: Allocs       107990 Current /  713213 Total
[2015.03.30-14.44.49:050][  0]LogMemory: 
[2015.03.30-14.44.49:050][  0]LogMemory: Block Size Num Pools Max Pools Cur Allocs Total Allocs Min Req Max Req Mem Used Mem Slack Mem Waste Efficiency
[2015.03.30-14.44.49:050][  0]LogMemory: ---------- --------- --------- ---------- ------------ ------- ------- -------- --------- --------- ----------
[2015.03.30-14.44.49:050][  0]LogMemory:          8         0         0          0            0       8       0       0K        0K        0K    100.00%
[2015.03.30-14.44.49:050][  0]LogMemory:         16         5         5      19199       118345      16      16     299K       21K        0K    100.00%
[2015.03.30-14.44.49:050][  0]LogMemory:         32        12        12      22425        98857      32      32     700K       68K        0K    100.00%
[2015.03.30-14.44.49:050][  0]LogMemory:         48         7         7       9126        43231      48      48     427K       21K        0K    100.00%
[2015.03.30-14.44.49:050][  0]LogMemory:         64        13        13      12457        54034      64      64     778K       54K        0K    100.00%
[2015.03.30-14.44.49:050][  0]LogMemory:         80         4         4       2792        35619      80      80     218K       38K        0K    100.00%
[2015.03.30-14.44.49:050][  0]LogMemory:         96         5         5       2837        35718      96      96     265K       55K        0K    100.00%
[2015.03.30-14.44.49:050][  0]LogMemory:        112         4         4       1362        18523     112     112     148K      108K        0K    100.00%
[2015.03.30-14.44.49:050][  0]LogMemory:        128        31        31      15505        35484     128     128    1938K       46K        0K    100.00%
[2015.03.30-14.44.49:050][  0]LogMemory:        160         9        13       2935        53819     144     160     458K      118K       17K     97.05%
[2015.03.30-14.44.49:050][  0]LogMemory:        192        24        24       7824        77929     176     192    1467K       68K       42K     97.27%
[2015.03.30-14.44.49:050][  0]LogMemory:        224         3         3        780        50370     208     224     170K       22K        7K     96.35%
[2015.03.30-14.44.49:050][  0]LogMemory:        256         4         4        953        28364     240     256     238K       18K       10K     96.09%
[2015.03.30-14.44.49:050][  0]LogMemory:        288         5         5       1092        16826     272     288     307K       13K        9K     97.19%
[2015.03.30-14.44.49:050][  0]LogMemory:        320         4         4        619         9302     304     320     193K       62K        5K     98.05%
[2015.03.30-14.44.49:050][  0]LogMemory:        384        10        10       1592         8493     336     384     597K       41K       50K     92.19%
[2015.03.30-14.44.49:050][  0]LogMemory:        448        11        11       1568         5321     400     448     686K       17K       47K     93.32%
[2015.03.30-14.44.49:050][  0]LogMemory:        512         9         9       1095         3262     464     512     547K       29K       24K     95.83%
[2015.03.30-14.44.49:050][  0]LogMemory:        576         3         3        283         1289     528     576     159K       32K       10K     94.79%
[2015.03.30-14.44.49:050][  0]LogMemory:        640         2         2        107          232     592     640      66K       62K        3K     97.66%
[2015.03.30-14.44.49:050][  0]LogMemory:        704         9        10        576         1279     656     704     396K      180K       11K     98.09%
[2015.03.30-14.44.49:050][  0]LogMemory:        768        11        15        751         2525     720     768     563K      139K       21K     97.02%
[2015.03.30-14.44.49:050][  0]LogMemory:        896         5         5        293          975     784     896     256K       64K       14K     95.63%
[2015.03.30-14.44.49:050][  0]LogMemory:       1024         2         3        108          464     912    1024     108K       20K        2K     98.44%
[2015.03.30-14.44.49:050][  0]LogMemory:       1168         2         2         97          398    1040    1168     110K       18K        5K     96.09%
[2015.03.30-14.44.49:050][  0]LogMemory:       1360         6         6        227         2170    1184    1360     301K       82K       22K     94.27%
[2015.03.30-14.44.49:050][  0]LogMemory:       1632         7         7        251          617    1376    1632     400K       47K       26K     94.20%
[2015.03.30-14.44.49:050][  0]LogMemory:       2048         8         8        157          775    1648    2048     314K      198K       31K     93.95%
[2015.03.30-14.44.49:050][  0]LogMemory:       2336         4         4         94         2356    2064    2336     214K       42K       23K     91.02%
[2015.03.30-14.44.49:050][  0]LogMemory:       2720         5         5         95          492    2352    2720     252K       67K       13K     95.94%
[2015.03.30-14.44.49:050][  0]LogMemory:       3264        10        10        145         1715    2736    3264     462K      176K       28K     95.63%
[2015.03.30-14.44.49:050][  0]LogMemory:       4096        12        13        144          678    3280    4096     576K      192K       53K     93.10%
[2015.03.30-14.44.49:050][  0]LogMemory:       4672         7         9         72          898    4112    4672     328K      120K       14K     96.88%
[2015.03.30-14.44.49:050][  0]LogMemory:       5456        10        13         93          392    4688    5456     495K      145K       44K     93.13%
[2015.03.30-14.44.49:050][  0]LogMemory:       6544        12        13         96          298    5488    6544     613K      154K       50K     93.49%
[2015.03.30-14.44.49:050][  0]LogMemory:       8192         6         6         41          881    6560    8192     328K       56K       23K     94.01%
[2015.03.30-14.44.49:050][  0]LogMemory:       9360         5         5         30           93    8208    9360     274K       46K       15K     95.31%
[2015.03.30-14.44.49:050][  0]LogMemory:      10912         4         4         19          124    9408   10912     202K       54K       20K     92.19%
[2015.03.30-14.44.49:050][  0]LogMemory:      13104         3         3         12           52   10960   13056     153K       39K       10K     94.79%
[2015.03.30-14.44.49:050][  0]LogMemory:      16384         6         9         21          124   13120   16384     336K       48K       23K     94.01%
[2015.03.30-14.44.49:050][  0]LogMemory:      21840        11        11         30           98   16400   21744     639K       65K      105K     85.09%
[2015.03.30-14.44.49:050][  0]LogMemory:      32768         5         7          9           63   21904   32640     288K       32K       61K     80.94%
[2015.03.30-14.44.49:050][  0]LogMemory: 
[2015.03.30-14.44.49:050][  0]LogMemory: 20160K allocated in pools (with 2877K slack and 838K waste). Efficiency 95.84%
[2015.03.30-14.44.49:050][  0]LogMemory: Allocations 107913 Current / 712486 Total (in 315 pools)
[2015.03.30-14.44.49:050][  0]LogMemory: 
[2015.03.30-14.44.49:055][  0]LogWorld: Game class is 'GM_ClientMap_C'
[2015.03.30-14.44.49:057][  0]LogModuleManager:Warning: ModuleManager: Module 'GameplayDebugger' not found - its StaticallyLinkedModuleInitializers function is null.
[2015.03.30-14.44.49:057][  0]LogAIModule: Creating AISystem for world ClientMap
[2015.03.30-14.44.49:057][  0]LogWorld: Bringing World /Game/Maps/ClientMap.ClientMap up for play (max tick rate 0) at 2015.03.30-16.44.49
[2015.03.30-14.44.49:057][  0]LogWorld: Bringing up level for play took: 0.000241
[2015.03.30-14.44.49:057][  0]LogGameMode: Warning - PATHS NOT DEFINED or NO PLAYERSTART with positive rating
[2015.03.30-14.44.49:060][  0]LogInit:Display: Game Engine Initialized.
[2015.03.30-14.44.49:260][  0]LogLoad: Full Startup: 4.57 seconds (BP compile: 0.00 seconds)
[2015.03.30-14.44.49:361][  2]LogRenderer:Warning: Reallocating scene render targets to support 1600x904 (Frame:2).
[2015.03.30-14.44.53:133][234]LogNet: Browse: 127.0.0.1//Game/Maps/ClientMap
[2015.03.30-14.44.53:134][234]LogInit: WinSock: Socket queue 32768 / 32768
[2015.03.30-14.44.53:136][234]LogInit: WinSock: I am Bespin (192.168.0.13:0)
[2015.03.30-14.44.53:137][234]LogNet: Game client on port 7777, rate 10000
[2015.03.30-14.44.53:137][234]LogNet: GetLocalNetworkVersion: GEngineNetVersion: 0, ProjectName: invaders_eip, ProjectVersion: , LocalNetworkVersion: -1868519786
[2015.03.30-14.44.53:213][239]LogNet: Welcomed by server (Level: /Game/Maps/GameMap, Game: /Game/Sources/GameModes/GM_Invaders.GM_Invaders_C)
[2015.03.30-14.44.53:214][239]LogLoad: LoadMap: 127.0.0.1//Game/Maps/GameMap?game=/Game/Sources/GameModes/GM_Invaders.GM_Invaders_C
[2015.03.30-14.44.53:217][239]LogParticles: Destroying 0 GPU particle simulations for FXSystem 0x000000000854CB20
[2015.03.30-14.44.53:220][239]LogMemory: Platform Memory Stats for WindowsNoEditor
[2015.03.30-14.44.53:220][239]LogMemory: Process Physical Memory: 136.90 MB used, 140.11 MB peak
[2015.03.30-14.44.53:220][239]LogMemory: Process Virtual Memory: 117.47 MB used, 122.52 MB peak
[2015.03.30-14.44.53:220][239]LogMemory: Physical Memory: 5076.96 MB used, 8136.55 MB total
[2015.03.30-14.44.53:220][239]LogMemory: Virtual Memory: 432.15 MB used, 8388608.00 MB total
[2015.03.30-14.44.53:220][239]LogMemory: 
[2015.03.30-14.44.53:220][239]LogMemory: Allocator Stats for binned:
[2015.03.30-14.44.53:220][239]LogMemory: Current Memory 37.53 MB used, plus 3.93 MB waste
[2015.03.30-14.44.53:220][239]LogMemory: Peak Memory 43.08 MB used, plus 2.71 MB waste
[2015.03.30-14.44.53:220][239]LogMemory: Current OS Memory 41.46 MB, peak 45.79 MB
[2015.03.30-14.44.53:220][239]LogMemory: Current Waste 0.62 MB, peak 0.95 MB
[2015.03.30-14.44.53:220][239]LogMemory: Current Used 37.53 MB, peak 43.08 MB
[2015.03.30-14.44.53:220][239]LogMemory: Current Slack 3.31 MB
[2015.03.30-14.44.53:220][239]LogMemory: Allocs       109323 Current /  885200 Total
[2015.03.30-14.44.53:220][239]LogMemory: 
[2015.03.30-14.44.53:220][239]LogMemory: Block Size Num Pools Max Pools Cur Allocs Total Allocs Min Req Max Req Mem Used Mem Slack Mem Waste Efficiency
[2015.03.30-14.44.53:220][239]LogMemory: ---------- --------- --------- ---------- ------------ ------- ------- -------- --------- --------- ----------
[2015.03.30-14.44.53:220][239]LogMemory:          8         0         0          0            0       8       0       0K        0K        0K    100.00%
[2015.03.30-14.44.53:220][239]LogMemory:         16         5         5      19418       158438      16      16     303K       17K        0K    100.00%
[2015.03.30-14.44.53:220][239]LogMemory:         32        12        12      22744       109502      32      32     710K       58K        0K    100.00%
[2015.03.30-14.44.53:220][239]LogMemory:         48         7         7       9208        68227      48      48     431K       17K        0K    100.00%
[2015.03.30-14.44.53:220][239]LogMemory:         64        13        13      12649        77361      64      64     790K       42K        0K    100.00%
[2015.03.30-14.44.53:220][239]LogMemory:         80         4         4       2871        45271      80      80     224K       32K        0K    100.00%
[2015.03.30-14.44.53:220][239]LogMemory:         96         5         5       2880        41979      96      96     270K       50K        0K    100.00%
[2015.03.30-14.44.53:220][239]LogMemory:        112         4         4       1488        35559     112     112     162K       94K        0K    100.00%
[2015.03.30-14.44.53:220][239]LogMemory:        128        31        31      15534        37580     128     128    1941K       43K        0K    100.00%
[2015.03.30-14.44.53:220][239]LogMemory:        160         9        13       2977        56531     144     160     465K      111K       17K     97.05%
[2015.03.30-14.44.53:220][239]LogMemory:        192        24        24       7904        80708     176     192    1482K       53K       44K     97.14%
[2015.03.30-14.44.53:220][239]LogMemory:        224         3         3        791        53339     208     224     173K       19K        7K     96.35%
[2015.03.30-14.44.53:220][239]LogMemory:        256         4         4        981        29796     240     256     245K       11K       10K     96.09%
[2015.03.30-14.44.53:220][239]LogMemory:        288         5         6       1098        23091     272     288     308K       12K        7K     97.81%
[2015.03.30-14.44.53:220][239]LogMemory:        320         4         4        625        11136     304     320     195K       60K        5K     98.05%
[2015.03.30-14.44.53:220][239]LogMemory:        384        10        10       1607        11839     336     384     602K       36K       48K     92.50%
[2015.03.30-14.44.53:220][239]LogMemory:        448        11        11       1571         6926     400     448     687K       16K       38K     94.60%
[2015.03.30-14.44.53:220][239]LogMemory:        512         9         9       1098         3915     464     512     549K       27K       22K     96.18%
[2015.03.30-14.44.53:220][239]LogMemory:        576         3         3        285         1780     528     576     160K       31K       10K     94.79%
[2015.03.30-14.44.53:220][239]LogMemory:        640         2         2        105          260     592     640      65K       63K        2K     98.44%
[2015.03.30-14.44.53:220][239]LogMemory:        704         9        10        577         1772     656     704     396K      180K       11K     98.09%
[2015.03.30-14.44.53:220][239]LogMemory:        768        11        15        752         2790     720     768     564K      138K       20K     97.16%
[2015.03.30-14.44.53:220][239]LogMemory:        896         5         5        296         2485     784     896     259K       61K       21K     93.44%
[2015.03.30-14.44.53:220][239]LogMemory:       1024         3         3        107         4262     912    1024     107K       85K        2K     98.96%
[2015.03.30-14.44.53:220][239]LogMemory:       1168         2         2         98         1644    1040    1168     111K       17K        2K     98.44%
[2015.03.30-14.44.53:220][239]LogMemory:       1360         6         6        230         2874    1184    1360     305K       78K       22K     94.27%
[2015.03.30-14.44.53:220][239]LogMemory:       1632         7         7        252          679    1376    1632     401K       46K       25K     94.42%
[2015.03.30-14.44.53:220][239]LogMemory:       2048         8         8        157         1718    1648    2048     314K      198K       29K     94.34%
[2015.03.30-14.44.53:220][239]LogMemory:       2336         4         4         94         2378    2064    2336     214K       42K       23K     91.02%
[2015.03.30-14.44.53:220][239]LogMemory:       2720         5         5         94          977    2352    2720     249K       70K       11K     96.56%
[2015.03.30-14.44.53:220][239]LogMemory:       3264        10        10        146         1964    2736    3264     465K      173K       32K     95.00%
[2015.03.30-14.44.53:220][239]LogMemory:       4096        12        13        144          758    3280    4096     576K      192K       52K     93.23%
[2015.03.30-14.44.53:220][239]LogMemory:       4672         7         9         69          932    4112    4672     314K      134K       14K     96.88%
[2015.03.30-14.44.53:220][239]LogMemory:       5456        10        13         93          511    4688    5456     495K      145K       40K     93.75%
[2015.03.30-14.44.53:220][239]LogMemory:       6544        12        13         95          634    5488    6544     607K      160K       59K     92.32%
[2015.03.30-14.44.53:220][239]LogMemory:       8192         7         9         40         1198    6560    8192     320K      128K       29K     93.53%
[2015.03.30-14.44.53:220][239]LogMemory:       9360         5         5         28           97    8208    9360     255K       65K       14K     95.63%
[2015.03.30-14.44.53:220][239]LogMemory:      10912         4         5         19         1879    9408   10912     202K       54K       20K     92.19%
[2015.03.30-14.44.53:220][239]LogMemory:      13104         3         3         13           58   10960   13056     166K       26K       11K     94.27%
[2015.03.30-14.44.53:220][239]LogMemory:      16384         7        11         21          154   13120   16384     336K      112K       22K     95.09%
[2015.03.30-14.44.53:220][239]LogMemory:      21840        12        12         30          103   16400   21744     639K      129K      106K     86.20%
[2015.03.30-14.44.53:220][239]LogMemory:      32768         5         7          8           71   21904   32640     256K       64K       56K     82.50%
[2015.03.30-14.44.53:220][239]LogMemory: 
[2015.03.30-14.44.53:220][239]LogMemory: 20416K allocated in pools (with 3089K slack and 831K waste). Efficiency 95.93%
[2015.03.30-14.44.53:220][239]LogMemory: Allocations 109198 Current / 883177 Total (in 319 pools)
[2015.03.30-14.44.53:220][239]LogMemory: 
[2015.03.30-14.44.53:349][239]LogWorld: Bringing World /Game/Maps/GameMap.GameMap up for play (max tick rate 0) at 2015.03.30-16.44.53
[2015.03.30-14.44.53:350][239]LogWorld: Bringing up level for play took: 0.004722
[2015.03.30-14.44.56:908][458]LogBlueprintUserMessages: Hello
[2015.03.30-14.45.03:752][880]LogBlueprintUserMessages: Hello
[2015.03.30-14.45.10:920][320]LogEngine: All Windows Closed
[2015.03.30-14.45.10:920][320]LogWindows: FPlatformMisc::RequestExit(0)
[2015.03.30-14.45.11:060][321]LogNet: World NetDriver shutdown IpNetDriver_0 [GameNetDriver]
[2015.03.30-14.45.11:060][321]LogNet: DestroyNamedNetDriver IpNetDriver_0 [GameNetDriver]
[2015.03.30-14.45.11:076][321]LogNet: UNetConnection::Close: Name: IpConnection_0, Driver: GameNetDriver IpNetDriver_0, PC: PlayerController_1, Owner: PlayerController_1, Channels: 36, RemoteAddr: 127.0.0.1:7777, Time: 2015.03.30-14.45.11
[2015.03.30-14.45.11:102][321]LogNet: UChannel::Close: Sending CloseBunch. ChIndex == 0. Name: ControlChannel_0
[2015.03.30-14.45.11:125][321]LogExit: GameNetDriver IpNetDriver_0 shut down
[2015.03.30-14.45.11:322][321]LogExit: Preparing to exit.
[2015.03.30-14.45.11:404][321]LogExit: Game engine shut down
[2015.03.30-14.45.11:410][321]LogParticles: Destroying 0 GPU particle simulations for FXSystem 0x000000000B6DDFC0
[2015.03.30-14.45.11:490][321]LogExit: Object subsystem successfully closed.
[2015.03.30-14.45.11:656][321]LogModuleManager: Shutting down and abandoning module AutomationWorker (48)
[2015.03.30-14.45.11:656][321]LogModuleManager: Shutting down and abandoning module CharacterAI (47)
[2015.03.30-14.45.11:656][321]LogModuleManager: Shutting down and abandoning module AIModule (45)
[2015.03.30-14.45.11:656][321]LogModuleManager: Shutting down and abandoning module GameLiveStreaming (44)
[2015.03.30-14.45.11:656][321]LogModuleManager: Shutting down and abandoning module StreamingPauseRendering (43)
[2015.03.30-14.45.11:656][321]LogModuleManager: Shutting down and abandoning module HTTP (42)
[2015.03.30-14.45.11:675][321]LogModuleManager: Shutting down and abandoning module AnalyticsET (41)
[2015.03.30-14.45.11:675][321]LogModuleManager: Shutting down and abandoning module Analytics (40)
[2015.03.30-14.45.11:675][321]LogModuleManager: Shutting down and abandoning module ProfilerService (39)
[2015.03.30-14.45.11:725][321]LogModuleManager: Shutting down and abandoning module TaskGraph (38)
[2015.03.30-14.45.11:725][321]LogModuleManager: Shutting down and abandoning module SlateRemote (37)
[2015.03.30-14.45.11:725][321]LogModuleManager: Shutting down and abandoning module CustomMeshComponent (36)
[2015.03.30-14.45.11:725][321]LogModuleManager: Shutting down and abandoning module CableComponent (35)
[2015.03.30-14.45.11:725][321]LogModuleManager: Shutting down and abandoning module Invaders_EIP (34)
[2015.03.30-14.45.11:725][321]LogModuleManager: Shutting down and abandoning module ScriptPlugin (33)
[2015.03.30-14.45.11:742][321]LogModuleManager: Shutting down and abandoning module UdpMessaging (32)
[2015.03.30-14.45.11:742][321]LogModuleManager: Shutting down and abandoning module Paper2D (31)
[2015.03.30-14.45.11:742][321]LogModuleManager: Shutting down and abandoning module WindowsMoviePlayer (30)
[2015.03.30-14.45.11:742][321]LogModuleManager: Shutting down and abandoning module Media (29)
[2015.03.30-14.45.11:742][321]LogModuleManager: Shutting down and abandoning module WmfMedia (28)
[2015.03.30-14.45.11:753][321]LogModuleManager: Shutting down and abandoning module ImageWrapper (27)
[2015.03.30-14.45.11:753][321]LogModuleManager: Shutting down and abandoning module UMG (26)
[2015.03.30-14.45.11:753][321]LogModuleManager: Shutting down and abandoning module Slate (25)
[2015.03.30-14.45.11:753][321]LogModuleManager: Shutting down and abandoning module SessionServices (24)
[2015.03.30-14.45.11:753][321]LogModuleManager: Shutting down and abandoning module Messaging (23)
[2015.03.30-14.45.11:753][321]LogModuleManager: Shutting down and abandoning module HeadMountedDisplay (22)
[2015.03.30-14.45.11:753][321]LogModuleManager: Shutting down and abandoning module XAudio2 (21)
[2015.03.30-14.45.11:753][321]LogModuleManager: Shutting down and abandoning module Networking (19)
[2015.03.30-14.45.11:753][321]LogModuleManager: Shutting down and abandoning module Core (18)
[2015.03.30-14.45.11:753][321]LogModuleManager: Shutting down and abandoning module InputCore (17)
[2015.03.30-14.45.11:753][321]LogModuleManager: Shutting down and abandoning module OnlineSubsystem (15)
[2015.03.30-14.45.11:753][321]LogModuleManager: Shutting down and abandoning module OculusRift (14)
[2015.03.30-14.45.11:753][321]LogModuleManager: Shutting down and abandoning module ExampleDeviceProfileSelector (13)
[2015.03.30-14.45.11:753][321]LogModuleManager: Shutting down and abandoning module ShaderCore (12)
[2015.03.30-14.45.11:753][321]LogModuleManager: Shutting down and abandoning module Landscape (11)
[2015.03.30-14.45.11:753][321]LogModuleManager: Shutting down and abandoning module SlateRHIRenderer (10)
[2015.03.30-14.45.11:766][321]LogModuleManager: Shutting down and abandoning module OpenGLDrv (9)
[2015.03.30-14.45.11:773][321]LogModuleManager: Shutting down and abandoning module D3D11RHI (8)
[2015.03.30-14.45.11:773][321]LogModuleManager: Shutting down and abandoning module Renderer (7)
[2015.03.30-14.45.11:773][321]LogModuleManager: Shutting down and abandoning module Engine (6)
[2015.03.30-14.45.11:773][321]LogModuleManager: Shutting down and abandoning module CoreUObject (5)
[2015.03.30-14.45.11:773][321]LogModuleManager: Shutting down and abandoning module NetworkFile (4)
[2015.03.30-14.45.11:773][321]LogModuleManager: Shutting down and abandoning module StreamingFile (3)
[2015.03.30-14.45.11:773][321]LogModuleManager: Shutting down and abandoning module SandboxFile (2)
[2015.03.30-14.45.11:773][321]LogModuleManager: Shutting down and abandoning module PakFile (1)
[2015.03.30-14.45.11:773][321]LogExit: Exiting.
[2015.03.30-14.45.11:774][321]Log file closed, 03/30/15 16:45:11
